<?xml version="1.0" encoding="UTF-8"?>
<robot generator="Robot 5.0.1 (Python 3.10.6 on win32)" generated="20220925 01:37:46.298" rpa="false" schemaversion="3">
<suite id="s1" name="Suite" source="C:\Users\rodne\Desktop\Cursos\nuclone-appium-robot-master\suite.robot">
<test id="s1-t1" name="Verificar o saldo" line="6">
<kw name="Open Application" library="AppiumLibrary">
<arg>http://localhost:4723/wd/hub</arg>
<arg>automationName=UiAutomator2</arg>
<arg>platformName=Android</arg>
<arg>deviceName=Pixel</arg>
<arg>app=${EXECDIR}\\app\\nuclone.apk</arg>
<arg>udid=emulator-5554</arg>
<doc>Opens a new application to given Appium server.
Capabilities of appium server, Android and iOS,
Please check https://github.com/appium/appium/blob/master/docs/en/writing-running-appium/server-args.md
| *Option*            | *Man.* | *Description*     |
| remote_url          | Yes    | Appium server url |
| alias               | no     | alias             |</doc>
<status status="PASS" starttime="20220925 01:37:47.118" endtime="20220925 01:38:12.694"/>
</kw>
<kw name="Wait Until Element Is Visible" library="AppiumLibrary">
<arg>accessibility_id=card-hero</arg>
<arg>10</arg>
<doc>Waits until element specified with `locator` is visible.</doc>
<status status="PASS" starttime="20220925 01:38:12.719" endtime="20220925 01:38:20.343"/>
</kw>
<kw name="Click Element" library="AppiumLibrary">
<arg>accessibility_id=show-balance</arg>
<doc>Click element identified by `locator`.</doc>
<msg timestamp="20220925 01:38:20.350" level="INFO">Clicking element 'accessibility_id=show-balance'.</msg>
<status status="PASS" starttime="20220925 01:38:20.345" endtime="20220925 01:38:20.557"/>
</kw>
<kw name="Wait Until Element Is Visible" library="AppiumLibrary">
<arg>accessibility_id=user-balance</arg>
<arg>10</arg>
<doc>Waits until element specified with `locator` is visible.</doc>
<status status="PASS" starttime="20220925 01:38:20.558" endtime="20220925 01:38:20.685"/>
</kw>
<kw name="Text Should Be Visible" library="AppiumLibrary">
<arg>R$ 5.500,00</arg>
<doc>Verifies that element identified with text is visible.</doc>
<status status="PASS" starttime="20220925 01:38:20.686" endtime="20220925 01:38:22.190"/>
</kw>
<kw name="Capture Page Screenshot" library="AppiumLibrary">
<doc>Takes a screenshot of the current page and embeds it into the log.</doc>
<msg timestamp="20220925 01:38:23.725" level="INFO" html="true">&lt;/td&gt;&lt;/tr&gt;&lt;tr&gt;&lt;td colspan="3"&gt;&lt;a href="appium-screenshot-1.png"&gt;&lt;img src="appium-screenshot-1.png" width="800px"&gt;&lt;/a&gt;</msg>
<status status="PASS" starttime="20220925 01:38:22.192" endtime="20220925 01:38:23.725"/>
</kw>
<kw name="Close Application" library="AppiumLibrary">
<doc>Closes the current application and also close webdriver session.</doc>
<status status="PASS" starttime="20220925 01:38:23.727" endtime="20220925 01:38:25.551"/>
</kw>
<status status="PASS" starttime="20220925 01:37:47.116" endtime="20220925 01:38:25.555"/>
</test>
<status status="PASS" starttime="20220925 01:37:46.301" endtime="20220925 01:38:25.570"/>
</suite>
<statistics>
<total>
<stat pass="1" fail="0" skip="0">All Tests</stat>
</total>
<tag>
</tag>
<suite>
<stat pass="1" fail="0" skip="0" id="s1" name="Suite">Suite</stat>
</suite>
</statistics>
<errors>
</errors>
</robot>
